<?xml version="1.0" encoding="UTF-8"?>
<!-- Generated by org.testng.reporters.JUnitXMLReporter -->
<testsuite hostname="AMAR-PC" name="Default test" tests="4" failures="0" timestamp="20 Dec 2017 14:11:09 GMT" time="0.062" errors="0">
  <testcase name="testing" time="0.016" classname="com.bnm.SampleTestng"/>
  <testcase name="endtest" time="0.0" classname="com.bnm.SampleTestng"/>
  <testcase name="Sum" time="0.0" classname="com.bnm.SampleTestng"/>
  <testcase name="AddSum" time="0.0" classname="com.bnm.SampleTestng"/>
</testsuite> <!-- Default test -->
